Using pre-set license
Built from '2021.3/staging' branch; Version is '2021.3.5f1 (40eb3a945986) revision 4254522'; Using compiler version '192829333'; Build Type 'Release'
OS: 'Windows 10  (10.0.19044) 64bit Professional' Language: 'en' Physical Memory: 32692 MB
BatchMode: 1, IsHumanControllingUs: 0, StartBugReporterOnCrash: 0, Is64bit: 1, IsPro: 1

COMMAND LINE ARGUMENTS:
C:\Program Files\Unity\Hub\Editor\2021.3.5f1\Editor\Unity.exe
-adb2
-batchMode
-noUpm
-name
AssetImportWorker6
-projectPath
T:/projects/github/Skyerzen/catGame
-logFile
Logs/AssetImportWorker6.log
-srvPort
51961
Successfully changed project path to: T:/projects/github/Skyerzen/catGame
T:/projects/github/Skyerzen/catGame
[UnityMemory] Configuration Parameters - Can be set up in boot.config
    "memorysetup-bucket-allocator-granularity=16"
    "memorysetup-bucket-allocator-bucket-count=8"
    "memorysetup-bucket-allocator-block-size=33554432"
    "memorysetup-bucket-allocator-block-count=8"
    "memorysetup-main-allocator-block-size=16777216"
    "memorysetup-thread-allocator-block-size=16777216"
    "memorysetup-gfx-main-allocator-block-size=16777216"
    "memorysetup-gfx-thread-allocator-block-size=16777216"
    "memorysetup-cache-allocator-block-size=4194304"
    "memorysetup-typetree-allocator-block-size=2097152"
    "memorysetup-profiler-bucket-allocator-granularity=16"
    "memorysetup-profiler-bucket-allocator-bucket-count=8"
    "memorysetup-profiler-bucket-allocator-block-size=33554432"
    "memorysetup-profiler-bucket-allocator-block-count=8"
    "memorysetup-profiler-allocator-block-size=16777216"
    "memorysetup-profiler-editor-allocator-block-size=1048576"
    "memorysetup-temp-allocator-size-main=16777216"
    "memorysetup-job-temp-allocator-block-size=2097152"
    "memorysetup-job-temp-allocator-block-size-background=1048576"
    "memorysetup-job-temp-allocator-reduction-small-platforms=262144"
    "memorysetup-temp-allocator-size-background-worker=32768"
    "memorysetup-temp-allocator-size-job-worker=262144"
    "memorysetup-temp-allocator-size-preload-manager=33554432"
    "memorysetup-temp-allocator-size-nav-mesh-worker=65536"
    "memorysetup-temp-allocator-size-audio-worker=65536"
    "memorysetup-temp-allocator-size-cloud-worker=32768"
    "memorysetup-temp-allocator-size-gi-baking-worker=262144"
    "memorysetup-temp-allocator-size-gfx=262144"
Refreshing native plugins compatible for Editor in 132.18 ms, found 3 plugins.
Preloading 0 native plugins for Editor in 0.00 ms.
Initialize engine version: 2021.3.5f1 (40eb3a945986)
[Subsystems] Discovering subsystems at path C:/Program Files/Unity/Hub/Editor/2021.3.5f1/Editor/Data/Resources/UnitySubsystems
[Subsystems] Discovering subsystems at path T:/projects/github/Skyerzen/catGame/Assets
GfxDevice: creating device client; threaded=0; jobified=0
Direct3D:
    Version:  Direct3D 11.0 [level 11.1]
    Renderer: NVIDIA GeForce RTX 2070 SUPER (ID=0x1e84)
    Vendor:   NVIDIA
    VRAM:     8012 MB
    Driver:   31.0.15.1694
Initialize mono
Mono path[0] = 'C:/Program Files/Unity/Hub/Editor/2021.3.5f1/Editor/Data/Managed'
Mono path[1] = 'C:/Program Files/Unity/Hub/Editor/2021.3.5f1/Editor/Data/MonoBleedingEdge/lib/mono/unityjit-win32'
Mono config path = 'C:/Program Files/Unity/Hub/Editor/2021.3.5f1/Editor/Data/MonoBleedingEdge/etc'
Using monoOptions --debugger-agent=transport=dt_socket,embedding=1,server=y,suspend=n,address=127.0.0.1:56112
Begin MonoManager ReloadAssembly
Registering precompiled unity dll's ...
Register platform support module: C:/Program Files/Unity/Hub/Editor/2021.3.5f1/Editor/Data/PlaybackEngines/AndroidPlayer/UnityEditor.Android.Extensions.dll
Register platform support module: C:/Program Files/Unity/Hub/Editor/2021.3.5f1/Editor/Data/PlaybackEngines/iOSSupport/UnityEditor.iOS.Extensions.dll
Register platform support module: C:/Program Files/Unity/Hub/Editor/2021.3.5f1/Editor/Data/PlaybackEngines/WindowsStandaloneSupport/UnityEditor.WindowsStandalone.Extensions.dll
Registered in 0.026287 seconds.
Native extension for WindowsStandalone target not found
[usbmuxd] Start listen thread
[usbmuxd] Listen thread started
Native extension for iOS target not found
Native extension for Android target not found
Refreshing native plugins compatible for Editor in 142.30 ms, found 3 plugins.
Preloading 0 native plugins for Editor in 0.00 ms.
Mono: successfully reloaded assembly
- Completed reload, in  1.161 seconds
Domain Reload Profiling:
	ReloadAssembly (1162ms)
		BeginReloadAssembly (145ms)
			ExecutionOrderSort (0ms)
			DisableScriptedObjects (0ms)
			BackupInstance (0ms)
			ReleaseScriptingObjects (0ms)
			CreateAndSetChildDomain (1ms)
		EndReloadAssembly (810ms)
			LoadAssemblies (140ms)
			RebuildTransferFunctionScriptingTraits (0ms)
			SetupTypeCache (183ms)
			ReleaseScriptCaches (0ms)
			RebuildScriptCaches (44ms)
			SetupLoadedEditorAssemblies (502ms)
				LogAssemblyErrors (0ms)
				InitializePlatformSupportModulesInManaged (120ms)
				SetLoadedEditorAssemblies (0ms)
				RefreshPlugins (142ms)
				BeforeProcessingInitializeOnLoad (2ms)
				ProcessInitializeOnLoadAttributes (168ms)
				ProcessInitializeOnLoadMethodAttributes (69ms)
				AfterProcessingInitializeOnLoad (0ms)
				EditorAssembliesLoaded (0ms)
			ExecutionOrderSort2 (0ms)
			AwakeInstancesAfterBackupRestoration (0ms)
Platform modules already initialized, skipping
Registering precompiled user dll's ...
Registered in 0.007877 seconds.
Begin MonoManager ReloadAssembly
Symbol file LoadedFromMemory doesn't match image T:\projects\github\Skyerzen\catGame\Library\PackageCache\com.unity.visualscripting@1.7.8\Editor\VisualScripting.Core\Dependencies\YamlDotNet\Unity.VisualScripting.YamlDotNet.dll
Symbol file LoadedFromMemory doesn't match image T:\projects\github\Skyerzen\catGame\Library\PackageCache\com.unity.visualscripting@1.7.8\Editor\VisualScripting.Core\Dependencies\DotNetZip\Unity.VisualScripting.IonicZip.dll
Native extension for WindowsStandalone target not found
Native extension for iOS target not found
Native extension for Android target not found
Refreshing native plugins compatible for Editor in 0.96 ms, found 3 plugins.
Preloading 0 native plugins for Editor in 0.00 ms.
Mono: successfully reloaded assembly
- Completed reload, in  2.115 seconds
Domain Reload Profiling:
	ReloadAssembly (2117ms)
		BeginReloadAssembly (366ms)
			ExecutionOrderSort (0ms)
			DisableScriptedObjects (17ms)
			BackupInstance (0ms)
			ReleaseScriptingObjects (0ms)
			CreateAndSetChildDomain (139ms)
		EndReloadAssembly (1521ms)
			LoadAssemblies (165ms)
			RebuildTransferFunctionScriptingTraits (0ms)
			SetupTypeCache (464ms)
			ReleaseScriptCaches (1ms)
			RebuildScriptCaches (93ms)
			SetupLoadedEditorAssemblies (740ms)
				LogAssemblyErrors (0ms)
				InitializePlatformSupportModulesInManaged (50ms)
				SetLoadedEditorAssemblies (1ms)
				RefreshPlugins (1ms)
				BeforeProcessingInitializeOnLoad (147ms)
				ProcessInitializeOnLoadAttributes (439ms)
				ProcessInitializeOnLoadMethodAttributes (73ms)
				AfterProcessingInitializeOnLoad (30ms)
				EditorAssembliesLoaded (0ms)
			ExecutionOrderSort2 (0ms)
			AwakeInstancesAfterBackupRestoration (18ms)
Platform modules already initialized, skipping
========================================================================
Worker process is ready to serve import requests
Launched and connected shader compiler UnityShaderCompiler.exe after 0.07 seconds
Refreshing native plugins compatible for Editor in 1.09 ms, found 3 plugins.
Preloading 0 native plugins for Editor in 0.00 ms.
Unloading 3559 Unused Serialized files (Serialized files now loaded: 0)
Unloading 27 unused Assets / (111.0 KB). Loaded Objects now: 4021.
Memory consumption went from 135.4 MB to 135.3 MB.
Total: 5.423900 ms (FindLiveObjects: 0.676600 ms CreateObjectMapping: 0.180300 ms MarkObjects: 4.166100 ms  DeleteObjects: 0.392000 ms)

AssetImportParameters requested are different than current active one (requested -> active):
  custom:video-decoder-ogg-theora: a1e56fd34408186e4bbccfd4996cb3dc -> 
  custom:container-muxer-webm: aa71ff27fc2769a1b78a27578f13a17b -> 
  custom:container-demuxer-webm: 4f35f7cbe854078d1ac9338744f61a02 -> 
  custom:video-encoder-webm-vp8: eb34c28f22e8b96e1ab97ce403110664 -> 
  custom:video-codec-MediaFoundation-h265: 746d11721c4dcdbdad8f713fa42b33f4 -> 
  custom:audio-encoder-webm-vorbis: bf7c407c2cedff20999df2af8eb42d56 -> 
  custom:framework-win-MediaFoundation: 216162199b28c13a410421893ffa2e32 -> 
  custom:container-demuxer-ogg: 62fdf1f143b41e24485cea50d1cbac27 -> 
  custom:video-decoder-webm-vp8: 9c59270c3fd7afecdb556c50c9e8de78 -> 
  custom:audio-decoder-ogg-vorbis: bf7c407c2cedff20999df2af8eb42d56 -> 
========================================================================
Received Import Request.
  Time since last request: 12328.097079 seconds.
  path: Assets/gameAssets/scenes/tunaCan/tunaCan_v01.mb
  artifactKey: Guid(2715e21f36cae3042afdeae21056914c) Importer(815301076,1909f56bfc062723c751e8b465ee728b)
Start importing Assets/gameAssets/scenes/tunaCan/tunaCan_v01.mb using Guid(2715e21f36cae3042afdeae21056914c) Importer(815301076,1909f56bfc062723c751e8b465ee728b)  -> (artifact id: 'd5db9150689e4aea9499ad5a24c16271') in 0.240278 seconds 
========================================================================
Received Import Request.
  Time since last request: 54.341489 seconds.
  path: Assets/gameAssets/scenes/box/box001.obj
  artifactKey: Guid(1ded8fff0c4c715439b8cf0ebab1917b) Importer(815301076,1909f56bfc062723c751e8b465ee728b)
Start importing Assets/gameAssets/scenes/box/box001.obj using Guid(1ded8fff0c4c715439b8cf0ebab1917b) Importer(815301076,1909f56bfc062723c751e8b465ee728b)  -> (artifact id: '6ea67d86087a08258ac098460e0a8d95') in 0.091412 seconds 
========================================================================
Received Import Request.
  Time since last request: 0.000039 seconds.
  path: Assets/gameAssets/scenes/walls/pillar.obj
  artifactKey: Guid(ec8d9dbb910b3cf47999a63ac9879379) Importer(815301076,1909f56bfc062723c751e8b465ee728b)
Start importing Assets/gameAssets/scenes/walls/pillar.obj using Guid(ec8d9dbb910b3cf47999a63ac9879379) Importer(815301076,1909f56bfc062723c751e8b465ee728b)  -> (artifact id: 'f9b4443aa673d0763712c1d912eddab3') in 0.069377 seconds 
========================================================================
Received Import Request.
  Time since last request: 0.000055 seconds.
  path: Assets/gameAssets/scenes/cityStuff/curbCrnr.obj
  artifactKey: Guid(b9cbadfdcababba40834237968d34c8d) Importer(815301076,1909f56bfc062723c751e8b465ee728b)
Start importing Assets/gameAssets/scenes/cityStuff/curbCrnr.obj using Guid(b9cbadfdcababba40834237968d34c8d) Importer(815301076,1909f56bfc062723c751e8b465ee728b)  -> (artifact id: 'c85d3ba3088c27409f95a75e18fcb11b') in 0.035814 seconds 
========================================================================
Received Import Request.
  Time since last request: 0.000025 seconds.
  path: Assets/gameAssets/scenes/lightPost/lightPost.obj
  artifactKey: Guid(aab0afe3d8d84e44c9842a8bc353e753) Importer(815301076,1909f56bfc062723c751e8b465ee728b)
Start importing Assets/gameAssets/scenes/lightPost/lightPost.obj using Guid(aab0afe3d8d84e44c9842a8bc353e753) Importer(815301076,1909f56bfc062723c751e8b465ee728b)  -> (artifact id: '7f44122bfaee3d582bbf65d1ae22708f') in 0.042001 seconds 
========================================================================
Received Import Request.
  Time since last request: 0.000030 seconds.
  path: Assets/gameAssets/scenes/trafficLight/trafficLight.obj
  artifactKey: Guid(2f3cdf3519bbc654bb00896659226a2b) Importer(815301076,1909f56bfc062723c751e8b465ee728b)
Start importing Assets/gameAssets/scenes/trafficLight/trafficLight.obj using Guid(2f3cdf3519bbc654bb00896659226a2b) Importer(815301076,1909f56bfc062723c751e8b465ee728b)  -> (artifact id: 'd41ac40a026ec83ef5ded784391e2f28') in 0.040801 seconds 
========================================================================
Received Import Request.
  Time since last request: 0.000030 seconds.
  path: Assets/gameAssets/scenes/car/s10.obj
  artifactKey: Guid(8109639b456b9b5418ad5e61868dcb1e) Importer(815301076,1909f56bfc062723c751e8b465ee728b)
Start importing Assets/gameAssets/scenes/car/s10.obj using Guid(8109639b456b9b5418ad5e61868dcb1e) Importer(815301076,1909f56bfc062723c751e8b465ee728b)  -> (artifact id: '6ea1b98586477d47f73b01b224d571c5') in 0.034200 seconds 
========================================================================
Received Import Request.
  Time since last request: 0.000041 seconds.
  path: Assets/gameAssets/scenes/lightPost/lightPost2.obj
  artifactKey: Guid(b994f2147b5262b40829cacac0befff5) Importer(815301076,1909f56bfc062723c751e8b465ee728b)
Start importing Assets/gameAssets/scenes/lightPost/lightPost2.obj using Guid(b994f2147b5262b40829cacac0befff5) Importer(815301076,1909f56bfc062723c751e8b465ee728b)  -> (artifact id: '00f34bb0409c22c6aed148bceef301f3') in 0.039030 seconds 
========================================================================
Received Import Request.
  Time since last request: 0.000045 seconds.
  path: Assets/gameAssets/scenes/car/bus.obj
  artifactKey: Guid(c95e70fa9d08bbe4ba5afd43af8483d0) Importer(815301076,1909f56bfc062723c751e8b465ee728b)
Start importing Assets/gameAssets/scenes/car/bus.obj using Guid(c95e70fa9d08bbe4ba5afd43af8483d0) Importer(815301076,1909f56bfc062723c751e8b465ee728b)  -> (artifact id: 'c17ef3a7a1a60a3bf1f60b3adb927e81') in 0.040648 seconds 
========================================================================
Received Import Request.
  Time since last request: 0.000054 seconds.
  path: Assets/gameAssets/scenes/box/box002.obj
  artifactKey: Guid(1ad4c9abe32ecc14fb579b8133195fe3) Importer(815301076,1909f56bfc062723c751e8b465ee728b)
Start importing Assets/gameAssets/scenes/box/box002.obj using Guid(1ad4c9abe32ecc14fb579b8133195fe3) Importer(815301076,1909f56bfc062723c751e8b465ee728b)  -> (artifact id: 'd9cebc4b4027f7e0497134be20a9c968') in 0.035266 seconds 
========================================================================
Received Import Request.
  Time since last request: 0.000026 seconds.
  path: Assets/gameAssets/scenes/stopSign/stopSign.obj
  artifactKey: Guid(ad9a44bddf25ce9468011001d62f86c3) Importer(815301076,1909f56bfc062723c751e8b465ee728b)
Start importing Assets/gameAssets/scenes/stopSign/stopSign.obj using Guid(ad9a44bddf25ce9468011001d62f86c3) Importer(815301076,1909f56bfc062723c751e8b465ee728b)  -> (artifact id: 'ffbec08eea2261ee49f9225704fa1266') in 0.035664 seconds 
========================================================================
Received Import Request.
  Time since last request: 0.000030 seconds.
  path: Assets/gameAssets/scenes/trafficLight/trafficLight2.obj
  artifactKey: Guid(923f1a3f042cbec4f9430f0c2de92b22) Importer(815301076,1909f56bfc062723c751e8b465ee728b)
Start importing Assets/gameAssets/scenes/trafficLight/trafficLight2.obj using Guid(923f1a3f042cbec4f9430f0c2de92b22) Importer(815301076,1909f56bfc062723c751e8b465ee728b)  -> (artifact id: '115d41328f653ddc8902866ce364fc11') in 0.034372 seconds 
========================================================================
Received Import Request.
  Time since last request: 0.000029 seconds.
  path: Assets/gameAssets/scenes/walls/wall12u.obj
  artifactKey: Guid(1dd770ef286b3e04bb6d534d6c3aef59) Importer(815301076,1909f56bfc062723c751e8b465ee728b)
Start importing Assets/gameAssets/scenes/walls/wall12u.obj using Guid(1dd770ef286b3e04bb6d534d6c3aef59) Importer(815301076,1909f56bfc062723c751e8b465ee728b)  -> (artifact id: 'f7bed1d9b068000b058f8ae376429dd9') in 0.035198 seconds 
========================================================================
Received Import Request.
  Time since last request: 0.000037 seconds.
  path: Assets/gameAssets/scenes/bush/bush.obj
  artifactKey: Guid(fa6f4b0e2ce9a5547a52a988187a20dc) Importer(815301076,1909f56bfc062723c751e8b465ee728b)
Start importing Assets/gameAssets/scenes/bush/bush.obj using Guid(fa6f4b0e2ce9a5547a52a988187a20dc) Importer(815301076,1909f56bfc062723c751e8b465ee728b)  -> (artifact id: 'e6c705698510bb9ab9033c16428dcc1b') in 0.041202 seconds 
========================================================================
Received Import Request.
  Time since last request: 0.000044 seconds.
  path: Assets/gameAssets/scenes/lightPost/lightPost3.obj
  artifactKey: Guid(7e6847823917c6444b5fa760b7f53fb6) Importer(815301076,1909f56bfc062723c751e8b465ee728b)
Start importing Assets/gameAssets/scenes/lightPost/lightPost3.obj using Guid(7e6847823917c6444b5fa760b7f53fb6) Importer(815301076,1909f56bfc062723c751e8b465ee728b)  -> (artifact id: '260f220e5d1295622c9fe33d491f746b') in 0.041784 seconds 
Editor requested this worker to shutdown with reason: Scaling down because of idle timeout
AssetImportWorker is now disconnected from the server
Process exiting
Exiting without the bug reporter. Application will terminate with return code 0