Using pre-set license
Built from '2021.3/staging' branch; Version is '2021.3.5f1 (40eb3a945986) revision 4254522'; Using compiler version '192829333'; Build Type 'Release'
OS: 'Windows 11  (10.0.22621) 64bit Professional' Language: 'en' Physical Memory: 32523 MB
BatchMode: 1, IsHumanControllingUs: 0, StartBugReporterOnCrash: 0, Is64bit: 1, IsPro: 1

COMMAND LINE ARGUMENTS:
C:\Program Files\Unity\Hub\Editor\2021.3.5f1\Editor\Unity.exe
-adb2
-batchMode
-noUpm
-name
AssetImportWorker1
-projectPath
C:/projects/skyerzenGitHub/Skyerzen/catGame
-logFile
Logs/AssetImportWorker1.log
-srvPort
63466
Successfully changed project path to: C:/projects/skyerzenGitHub/Skyerzen/catGame
C:/projects/skyerzenGitHub/Skyerzen/catGame
[UnityMemory] Configuration Parameters - Can be set up in boot.config
    "memorysetup-bucket-allocator-granularity=16"
    "memorysetup-bucket-allocator-bucket-count=8"
    "memorysetup-bucket-allocator-block-size=33554432"
    "memorysetup-bucket-allocator-block-count=8"
    "memorysetup-main-allocator-block-size=16777216"
    "memorysetup-thread-allocator-block-size=16777216"
    "memorysetup-gfx-main-allocator-block-size=16777216"
    "memorysetup-gfx-thread-allocator-block-size=16777216"
    "memorysetup-cache-allocator-block-size=4194304"
    "memorysetup-typetree-allocator-block-size=2097152"
    "memorysetup-profiler-bucket-allocator-granularity=16"
    "memorysetup-profiler-bucket-allocator-bucket-count=8"
    "memorysetup-profiler-bucket-allocator-block-size=33554432"
    "memorysetup-profiler-bucket-allocator-block-count=8"
    "memorysetup-profiler-allocator-block-size=16777216"
    "memorysetup-profiler-editor-allocator-block-size=1048576"
    "memorysetup-temp-allocator-size-main=16777216"
    "memorysetup-job-temp-allocator-block-size=2097152"
    "memorysetup-job-temp-allocator-block-size-background=1048576"
    "memorysetup-job-temp-allocator-reduction-small-platforms=262144"
    "memorysetup-temp-allocator-size-background-worker=32768"
    "memorysetup-temp-allocator-size-job-worker=262144"
    "memorysetup-temp-allocator-size-preload-manager=33554432"
    "memorysetup-temp-allocator-size-nav-mesh-worker=65536"
    "memorysetup-temp-allocator-size-audio-worker=65536"
    "memorysetup-temp-allocator-size-cloud-worker=32768"
    "memorysetup-temp-allocator-size-gi-baking-worker=262144"
    "memorysetup-temp-allocator-size-gfx=262144"
Refreshing native plugins compatible for Editor in 86.81 ms, found 3 plugins.
Preloading 0 native plugins for Editor in 0.00 ms.
Initialize engine version: 2021.3.5f1 (40eb3a945986)
[Subsystems] Discovering subsystems at path C:/Program Files/Unity/Hub/Editor/2021.3.5f1/Editor/Data/Resources/UnitySubsystems
[Subsystems] Discovering subsystems at path C:/projects/skyerzenGitHub/Skyerzen/catGame/Assets
GfxDevice: creating device client; threaded=0; jobified=0
Direct3D:
    Version:  Direct3D 11.0 [level 11.1]
    Renderer: NVIDIA GeForce RTX 2080 Super (ID=0x1e93)
    Vendor:   NVIDIA
    VRAM:     8010 MB
    Driver:   30.0.15.1298
Initialize mono
Mono path[0] = 'C:/Program Files/Unity/Hub/Editor/2021.3.5f1/Editor/Data/Managed'
Mono path[1] = 'C:/Program Files/Unity/Hub/Editor/2021.3.5f1/Editor/Data/MonoBleedingEdge/lib/mono/unityjit-win32'
Mono config path = 'C:/Program Files/Unity/Hub/Editor/2021.3.5f1/Editor/Data/MonoBleedingEdge/etc'
Using monoOptions --debugger-agent=transport=dt_socket,embedding=1,server=y,suspend=n,address=127.0.0.1:56736
Begin MonoManager ReloadAssembly
Registering precompiled unity dll's ...
Register platform support module: C:/Program Files/Unity/Hub/Editor/2021.3.5f1/Editor/Data/PlaybackEngines/AndroidPlayer/UnityEditor.Android.Extensions.dll
Register platform support module: C:/Program Files/Unity/Hub/Editor/2021.3.5f1/Editor/Data/PlaybackEngines/iOSSupport/UnityEditor.iOS.Extensions.dll
Register platform support module: C:/Program Files/Unity/Hub/Editor/2021.3.5f1/Editor/Data/PlaybackEngines/WindowsStandaloneSupport/UnityEditor.WindowsStandalone.Extensions.dll
Registered in 0.006876 seconds.
Native extension for WindowsStandalone target not found
[usbmuxd] Start listen thread
[usbmuxd] Listen thread started
Native extension for iOS target not found
Native extension for Android target not found
Refreshing native plugins compatible for Editor in 94.66 ms, found 3 plugins.
Preloading 0 native plugins for Editor in 0.00 ms.
Mono: successfully reloaded assembly
- Completed reload, in  0.727 seconds
Domain Reload Profiling:
	ReloadAssembly (728ms)
		BeginReloadAssembly (93ms)
			ExecutionOrderSort (0ms)
			DisableScriptedObjects (0ms)
			BackupInstance (0ms)
			ReleaseScriptingObjects (0ms)
			CreateAndSetChildDomain (1ms)
		EndReloadAssembly (523ms)
			LoadAssemblies (90ms)
			RebuildTransferFunctionScriptingTraits (0ms)
			SetupTypeCache (136ms)
			ReleaseScriptCaches (0ms)
			RebuildScriptCaches (28ms)
			SetupLoadedEditorAssemblies (307ms)
				LogAssemblyErrors (0ms)
				InitializePlatformSupportModulesInManaged (68ms)
				SetLoadedEditorAssemblies (1ms)
				RefreshPlugins (95ms)
				BeforeProcessingInitializeOnLoad (3ms)
				ProcessInitializeOnLoadAttributes (94ms)
				ProcessInitializeOnLoadMethodAttributes (46ms)
				AfterProcessingInitializeOnLoad (0ms)
				EditorAssembliesLoaded (0ms)
			ExecutionOrderSort2 (0ms)
			AwakeInstancesAfterBackupRestoration (0ms)
Platform modules already initialized, skipping
Registering precompiled user dll's ...
Registered in 0.007528 seconds.
Begin MonoManager ReloadAssembly
Symbol file LoadedFromMemory doesn't match image C:\projects\skyerzenGitHub\Skyerzen\catGame\Library\PackageCache\com.unity.visualscripting@1.7.8\Editor\VisualScripting.Core\Dependencies\YamlDotNet\Unity.VisualScripting.YamlDotNet.dll
Symbol file LoadedFromMemory doesn't match image C:\projects\skyerzenGitHub\Skyerzen\catGame\Library\PackageCache\com.unity.visualscripting@1.7.8\Editor\VisualScripting.Core\Dependencies\DotNetZip\Unity.VisualScripting.IonicZip.dll
Native extension for WindowsStandalone target not found
Native extension for iOS target not found
Native extension for Android target not found
Refreshing native plugins compatible for Editor in 0.57 ms, found 3 plugins.
Preloading 0 native plugins for Editor in 0.00 ms.
Mono: successfully reloaded assembly
- Completed reload, in  1.436 seconds
Domain Reload Profiling:
	ReloadAssembly (1437ms)
		BeginReloadAssembly (246ms)
			ExecutionOrderSort (0ms)
			DisableScriptedObjects (8ms)
			BackupInstance (0ms)
			ReleaseScriptingObjects (0ms)
			CreateAndSetChildDomain (126ms)
		EndReloadAssembly (1048ms)
			LoadAssemblies (114ms)
			RebuildTransferFunctionScriptingTraits (0ms)
			SetupTypeCache (380ms)
			ReleaseScriptCaches (3ms)
			RebuildScriptCaches (57ms)
			SetupLoadedEditorAssemblies (459ms)
				LogAssemblyErrors (0ms)
				InitializePlatformSupportModulesInManaged (28ms)
				SetLoadedEditorAssemblies (0ms)
				RefreshPlugins (1ms)
				BeforeProcessingInitializeOnLoad (95ms)
				ProcessInitializeOnLoadAttributes (289ms)
				ProcessInitializeOnLoadMethodAttributes (36ms)
				AfterProcessingInitializeOnLoad (10ms)
				EditorAssembliesLoaded (0ms)
			ExecutionOrderSort2 (0ms)
			AwakeInstancesAfterBackupRestoration (7ms)
Platform modules already initialized, skipping
========================================================================
Worker process is ready to serve import requests
Launched and connected shader compiler UnityShaderCompiler.exe after 0.08 seconds
Refreshing native plugins compatible for Editor in 1.20 ms, found 3 plugins.
Preloading 0 native plugins for Editor in 0.00 ms.
Unloading 3559 Unused Serialized files (Serialized files now loaded: 0)
Unloading 27 unused Assets / (111.1 KB). Loaded Objects now: 4021.
Memory consumption went from 135.4 MB to 135.3 MB.
Total: 2.779800 ms (FindLiveObjects: 0.328600 ms CreateObjectMapping: 0.293100 ms MarkObjects: 2.070400 ms  DeleteObjects: 0.086900 ms)

AssetImportParameters requested are different than current active one (requested -> active):
  custom:video-decoder-ogg-theora: a1e56fd34408186e4bbccfd4996cb3dc -> 
  custom:container-muxer-webm: aa71ff27fc2769a1b78a27578f13a17b -> 
  custom:container-demuxer-webm: 4f35f7cbe854078d1ac9338744f61a02 -> 
  custom:video-encoder-webm-vp8: eb34c28f22e8b96e1ab97ce403110664 -> 
  custom:video-codec-MediaFoundation-h265: 746d11721c4dcdbdad8f713fa42b33f4 -> 
  custom:audio-encoder-webm-vorbis: bf7c407c2cedff20999df2af8eb42d56 -> 
  custom:framework-win-MediaFoundation: 216162199b28c13a410421893ffa2e32 -> 
  custom:container-demuxer-ogg: 62fdf1f143b41e24485cea50d1cbac27 -> 
  custom:video-decoder-webm-vp8: 9c59270c3fd7afecdb556c50c9e8de78 -> 
  custom:audio-decoder-ogg-vorbis: bf7c407c2cedff20999df2af8eb42d56 -> 
========================================================================
Received Import Request.
  Time since last request: 466033.432030 seconds.
  path: Assets/Prefabs/env/obstacles/palletStack002.prefab
  artifactKey: Guid(a95559f70d10c274fbf47833aa0b770b) Importer(815301076,1909f56bfc062723c751e8b465ee728b)
Start importing Assets/Prefabs/env/obstacles/palletStack002.prefab using Guid(a95559f70d10c274fbf47833aa0b770b) Importer(815301076,1909f56bfc062723c751e8b465ee728b)  -> (artifact id: '50e6ef43096e9d507c73febeb1d5402d') in 0.113119 seconds 
========================================================================
Received Import Request.
  Time since last request: 0.000019 seconds.
  path: Assets/Prefabs/env/obstacles/truck001.prefab
  artifactKey: Guid(d86003630a758e94fb6dc74b4efdeb40) Importer(815301076,1909f56bfc062723c751e8b465ee728b)
Start importing Assets/Prefabs/env/obstacles/truck001.prefab using Guid(d86003630a758e94fb6dc74b4efdeb40) Importer(815301076,1909f56bfc062723c751e8b465ee728b)  -> (artifact id: 'bcf94bc576780391bd1d260cab8eac8c') in 0.016319 seconds 
========================================================================
Received Import Request.
  Time since last request: 0.000018 seconds.
  path: Assets/Prefabs/env/obstacles/trashBags002.prefab
  artifactKey: Guid(964194b18eae43a40a9f99576c998200) Importer(815301076,1909f56bfc062723c751e8b465ee728b)
Start importing Assets/Prefabs/env/obstacles/trashBags002.prefab using Guid(964194b18eae43a40a9f99576c998200) Importer(815301076,1909f56bfc062723c751e8b465ee728b)  -> (artifact id: 'b61ab86020576474f0432d9d67af3c3a') in 0.013624 seconds 
========================================================================
Received Import Request.
  Time since last request: 0.000018 seconds.
  path: Assets/Prefabs/env/stairs001.prefab
  artifactKey: Guid(087ad34aacf58e14cb1191204047d928) Importer(815301076,1909f56bfc062723c751e8b465ee728b)
Start importing Assets/Prefabs/env/stairs001.prefab using Guid(087ad34aacf58e14cb1191204047d928) Importer(815301076,1909f56bfc062723c751e8b465ee728b)  -> (artifact id: '5441da261684247a7979fe33a4338d44') in 0.030266 seconds 
========================================================================
Received Import Request.
  Time since last request: 0.000030 seconds.
  path: Assets/Prefabs/env/obstacles/tree001.prefab
  artifactKey: Guid(6b1a78fc72cb22c469bc32b7b6793e61) Importer(815301076,1909f56bfc062723c751e8b465ee728b)
Start importing Assets/Prefabs/env/obstacles/tree001.prefab using Guid(6b1a78fc72cb22c469bc32b7b6793e61) Importer(815301076,1909f56bfc062723c751e8b465ee728b)  -> (artifact id: 'b0026d7405f0a19842ff8aa53d01ede0') in 0.014406 seconds 
========================================================================
Received Import Request.
  Time since last request: 0.000032 seconds.
  path: Assets/Prefabs/env/obstacles/trashCan001.prefab
  artifactKey: Guid(38cd85c1e3793b94ab3d32a97c970350) Importer(815301076,1909f56bfc062723c751e8b465ee728b)
Start importing Assets/Prefabs/env/obstacles/trashCan001.prefab using Guid(38cd85c1e3793b94ab3d32a97c970350) Importer(815301076,1909f56bfc062723c751e8b465ee728b)  -> (artifact id: '3236fe8a82b61c18679dad815940f53d') in 0.012090 seconds 
========================================================================
Received Import Request.
  Time since last request: 0.000018 seconds.
  path: Assets/Prefabs/env/obstacles/woodenPost001.prefab
  artifactKey: Guid(a4f58de764893ff48b774bb7be33931a) Importer(815301076,1909f56bfc062723c751e8b465ee728b)
Start importing Assets/Prefabs/env/obstacles/woodenPost001.prefab using Guid(a4f58de764893ff48b774bb7be33931a) Importer(815301076,1909f56bfc062723c751e8b465ee728b)  -> (artifact id: '4904e193c1ddc7bbccbc279687a06d4b') in 0.012427 seconds 
========================================================================
Received Import Request.
  Time since last request: 0.000024 seconds.
  path: Assets/Prefabs/env/obstacles/trafficLight003.prefab
  artifactKey: Guid(33ad96368193e014ca2889519e22acac) Importer(815301076,1909f56bfc062723c751e8b465ee728b)
Start importing Assets/Prefabs/env/obstacles/trafficLight003.prefab using Guid(33ad96368193e014ca2889519e22acac) Importer(815301076,1909f56bfc062723c751e8b465ee728b)  -> (artifact id: '4ad05a554c15e303cd6003cc5011afad') in 0.012066 seconds 
========================================================================
Received Import Request.
  Time since last request: 0.000019 seconds.
  path: Assets/Prefabs/env/obstacles/woodenFence002.prefab
  artifactKey: Guid(01c2ee787e5ea7d47af848df79a5a727) Importer(815301076,1909f56bfc062723c751e8b465ee728b)
Start importing Assets/Prefabs/env/obstacles/woodenFence002.prefab using Guid(01c2ee787e5ea7d47af848df79a5a727) Importer(815301076,1909f56bfc062723c751e8b465ee728b)  -> (artifact id: '4290998ca28b82376b2085a9379c6afc') in 0.011623 seconds 
========================================================================
Received Import Request.
  Time since last request: 0.000019 seconds.
  path: Assets/Prefabs/env/balcony002.prefab
  artifactKey: Guid(babd124ca5f7a4643a206c72cda63c14) Importer(815301076,1909f56bfc062723c751e8b465ee728b)
Start importing Assets/Prefabs/env/balcony002.prefab using Guid(babd124ca5f7a4643a206c72cda63c14) Importer(815301076,1909f56bfc062723c751e8b465ee728b)  -> (artifact id: 'db74dcd94da90981878f80851cd507f7') in 0.016560 seconds 
========================================================================
Received Import Request.
  Time since last request: 0.000027 seconds.
  path: Assets/Prefabs/env/obstacles/car003.prefab
  artifactKey: Guid(2b0ac1ba0dcc0b6469a89fdbb1ddcfb1) Importer(815301076,1909f56bfc062723c751e8b465ee728b)
Start importing Assets/Prefabs/env/obstacles/car003.prefab using Guid(2b0ac1ba0dcc0b6469a89fdbb1ddcfb1) Importer(815301076,1909f56bfc062723c751e8b465ee728b)  -> (artifact id: 'afece595e7283e2acd6ab649105300a4') in 0.013018 seconds 
========================================================================
Received Import Request.
  Time since last request: 0.000024 seconds.
  path: Assets/Prefabs/env/obstacles/grille001.prefab
  artifactKey: Guid(fe61a6612b6b97a49a805caeb0931276) Importer(815301076,1909f56bfc062723c751e8b465ee728b)
Start importing Assets/Prefabs/env/obstacles/grille001.prefab using Guid(fe61a6612b6b97a49a805caeb0931276) Importer(815301076,1909f56bfc062723c751e8b465ee728b)  -> (artifact id: '55647afe2e63590fc2d843a3e4449462') in 0.011122 seconds 
========================================================================
Received Import Request.
  Time since last request: 0.000017 seconds.
  path: Assets/Prefabs/env/Directional light.prefab
  artifactKey: Guid(57cf8696510762d44893a1de9057b07c) Importer(815301076,1909f56bfc062723c751e8b465ee728b)
Start importing Assets/Prefabs/env/Directional light.prefab using Guid(57cf8696510762d44893a1de9057b07c) Importer(815301076,1909f56bfc062723c751e8b465ee728b)  -> (artifact id: '8faebe442423ab0eb1f1237e2a5796b1') in 0.004129 seconds 
========================================================================
Received Import Request.
  Time since last request: 0.000020 seconds.
  path: Assets/Prefabs/env/exitSign001.prefab
  artifactKey: Guid(148bf9e46eb176b42805abff997e15b4) Importer(815301076,1909f56bfc062723c751e8b465ee728b)
Start importing Assets/Prefabs/env/exitSign001.prefab using Guid(148bf9e46eb176b42805abff997e15b4) Importer(815301076,1909f56bfc062723c751e8b465ee728b)  -> (artifact id: '331cc9cd3f1201cecc1fc77b881ead4d') in 0.012752 seconds 
========================================================================
Received Import Request.
  Time since last request: 0.000025 seconds.
  path: Assets/Prefabs/env/obstacles/streetSign001.prefab
  artifactKey: Guid(f258d258e67974a44ba8e479dc87434b) Importer(815301076,1909f56bfc062723c751e8b465ee728b)
Start importing Assets/Prefabs/env/obstacles/streetSign001.prefab using Guid(f258d258e67974a44ba8e479dc87434b) Importer(815301076,1909f56bfc062723c751e8b465ee728b)  -> (artifact id: '153fac7af62580e567a35ad73a8db57e') in 0.011740 seconds 
========================================================================
Received Import Request.
  Time since last request: 0.000019 seconds.
  path: Assets/Prefabs/env/obstacles/pallet001.prefab
  artifactKey: Guid(b2f45fe4c3e533a4cabbe005701485b6) Importer(815301076,1909f56bfc062723c751e8b465ee728b)
Start importing Assets/Prefabs/env/obstacles/pallet001.prefab using Guid(b2f45fe4c3e533a4cabbe005701485b6) Importer(815301076,1909f56bfc062723c751e8b465ee728b)  -> (artifact id: 'cfe799c969bb612e8e571ee614fd747a') in 0.011127 seconds 
========================================================================
Received Import Request.
  Time since last request: 0.000018 seconds.
  path: Assets/Prefabs/env/obstacles/stopSign001.prefab
  artifactKey: Guid(3f3bf396fe63dc341b2afe499ef2504b) Importer(815301076,1909f56bfc062723c751e8b465ee728b)
Start importing Assets/Prefabs/env/obstacles/stopSign001.prefab using Guid(3f3bf396fe63dc341b2afe499ef2504b) Importer(815301076,1909f56bfc062723c751e8b465ee728b)  -> (artifact id: '614d5ecc49080bd825352b034be671b3') in 0.011679 seconds 
========================================================================
Received Import Request.
  Time since last request: 0.000022 seconds.
  path: Assets/Prefabs/env/obstacles/palletStack005.prefab
  artifactKey: Guid(05dc92cba3551924cb1b3348244594d6) Importer(815301076,1909f56bfc062723c751e8b465ee728b)
Start importing Assets/Prefabs/env/obstacles/palletStack005.prefab using Guid(05dc92cba3551924cb1b3348244594d6) Importer(815301076,1909f56bfc062723c751e8b465ee728b)  -> (artifact id: '98622b07f425b41631cf8ab4d86e2a3b') in 0.010524 seconds 
========================================================================
Received Import Request.
  Time since last request: 0.000025 seconds.
  path: Assets/Prefabs/env/obstacles/trafficLight002.prefab
  artifactKey: Guid(772eaab4c6207c04da808f39d5c0e092) Importer(815301076,1909f56bfc062723c751e8b465ee728b)
Start importing Assets/Prefabs/env/obstacles/trafficLight002.prefab using Guid(772eaab4c6207c04da808f39d5c0e092) Importer(815301076,1909f56bfc062723c751e8b465ee728b)  -> (artifact id: '3a0c63b26d16e9a34196d969b292f8e6') in 0.014460 seconds 
========================================================================
Received Import Request.
  Time since last request: 0.000033 seconds.
  path: Assets/Prefabs/env/obstacles/woodenPost002.prefab
  artifactKey: Guid(33ae69b1bb12d1841b9ceec8003d9d50) Importer(815301076,1909f56bfc062723c751e8b465ee728b)
Start importing Assets/Prefabs/env/obstacles/woodenPost002.prefab using Guid(33ae69b1bb12d1841b9ceec8003d9d50) Importer(815301076,1909f56bfc062723c751e8b465ee728b)  -> (artifact id: '081bc130b22a0b980b5986294537ce88') in 0.009954 seconds 
========================================================================
Received Import Request.
  Time since last request: 0.000019 seconds.
  path: Assets/Prefabs/env
  artifactKey: Guid(470d42686b1f0b74391e9bd019f2c5d7) Importer(815301076,1909f56bfc062723c751e8b465ee728b)
Start importing Assets/Prefabs/env using Guid(470d42686b1f0b74391e9bd019f2c5d7) Importer(815301076,1909f56bfc062723c751e8b465ee728b)  -> (artifact id: '883a1d674bb7c4273dd35415f0aa720b') in 0.001875 seconds 
========================================================================
Received Import Request.
  Time since last request: 0.000024 seconds.
  path: Assets/Prefabs/env/obstacles/fence001.prefab
  artifactKey: Guid(cca41b13835a8d946b1e62c3beb7ca64) Importer(815301076,1909f56bfc062723c751e8b465ee728b)
Start importing Assets/Prefabs/env/obstacles/fence001.prefab using Guid(cca41b13835a8d946b1e62c3beb7ca64) Importer(815301076,1909f56bfc062723c751e8b465ee728b)  -> (artifact id: '8723af30cabca6836e4a327d10f0c5c2') in 0.010022 seconds 
========================================================================
Received Import Request.
  Time since last request: 0.000016 seconds.
  path: Assets/Prefabs/env/obstacles/trashCan003.prefab
  artifactKey: Guid(f7b9df594365e5f4f9f0ed6c2d4c1e52) Importer(815301076,1909f56bfc062723c751e8b465ee728b)
Start importing Assets/Prefabs/env/obstacles/trashCan003.prefab using Guid(f7b9df594365e5f4f9f0ed6c2d4c1e52) Importer(815301076,1909f56bfc062723c751e8b465ee728b)  -> (artifact id: '6db6848e46dccdd4df69b31b9568979d') in 0.008612 seconds 
========================================================================
Received Import Request.
  Time since last request: 0.000024 seconds.
  path: Assets/Prefabs/env/obstacles/rampRight.prefab
  artifactKey: Guid(eef06b51448f2994c87a989d3b28808e) Importer(815301076,1909f56bfc062723c751e8b465ee728b)
Start importing Assets/Prefabs/env/obstacles/rampRight.prefab using Guid(eef06b51448f2994c87a989d3b28808e) Importer(815301076,1909f56bfc062723c751e8b465ee728b)  -> (artifact id: 'ad68726f55c80347af73a15aa1785d12') in 0.015140 seconds 
========================================================================
Received Import Request.
  Time since last request: 0.000015 seconds.
  path: Assets/Prefabs/env/obstacles/trashbag001.prefab
  artifactKey: Guid(ac486232b49005642a844de3e01bf1e1) Importer(815301076,1909f56bfc062723c751e8b465ee728b)
Start importing Assets/Prefabs/env/obstacles/trashbag001.prefab using Guid(ac486232b49005642a844de3e01bf1e1) Importer(815301076,1909f56bfc062723c751e8b465ee728b)  -> (artifact id: 'bfb40a8ce9be9824b0951aac2ce13021') in 0.011394 seconds 
Editor requested this worker to shutdown with reason: Scaling down because of idle timeout
AssetImportWorker is now disconnected from the server
Process exiting
Exiting without the bug reporter. Application will terminate with return code 0