Using pre-set license
Built from '2021.3/staging' branch; Version is '2021.3.5f1 (40eb3a945986) revision 4254522'; Using compiler version '192829333'; Build Type 'Release'
OS: 'Windows 10  (10.0.19044) 64bit Professional' Language: 'en' Physical Memory: 32692 MB
BatchMode: 1, IsHumanControllingUs: 0, StartBugReporterOnCrash: 0, Is64bit: 1, IsPro: 1

COMMAND LINE ARGUMENTS:
C:\Program Files\Unity\Hub\Editor\2021.3.5f1\Editor\Unity.exe
-adb2
-batchMode
-noUpm
-name
AssetImportWorker3
-projectPath
T:/projects/github/Skyerzen/catGame
-logFile
Logs/AssetImportWorker3.log
-srvPort
51961
Successfully changed project path to: T:/projects/github/Skyerzen/catGame
T:/projects/github/Skyerzen/catGame
[UnityMemory] Configuration Parameters - Can be set up in boot.config
    "memorysetup-bucket-allocator-granularity=16"
    "memorysetup-bucket-allocator-bucket-count=8"
    "memorysetup-bucket-allocator-block-size=33554432"
    "memorysetup-bucket-allocator-block-count=8"
    "memorysetup-main-allocator-block-size=16777216"
    "memorysetup-thread-allocator-block-size=16777216"
    "memorysetup-gfx-main-allocator-block-size=16777216"
    "memorysetup-gfx-thread-allocator-block-size=16777216"
    "memorysetup-cache-allocator-block-size=4194304"
    "memorysetup-typetree-allocator-block-size=2097152"
    "memorysetup-profiler-bucket-allocator-granularity=16"
    "memorysetup-profiler-bucket-allocator-bucket-count=8"
    "memorysetup-profiler-bucket-allocator-block-size=33554432"
    "memorysetup-profiler-bucket-allocator-block-count=8"
    "memorysetup-profiler-allocator-block-size=16777216"
    "memorysetup-profiler-editor-allocator-block-size=1048576"
    "memorysetup-temp-allocator-size-main=16777216"
    "memorysetup-job-temp-allocator-block-size=2097152"
    "memorysetup-job-temp-allocator-block-size-background=1048576"
    "memorysetup-job-temp-allocator-reduction-small-platforms=262144"
    "memorysetup-temp-allocator-size-background-worker=32768"
    "memorysetup-temp-allocator-size-job-worker=262144"
    "memorysetup-temp-allocator-size-preload-manager=33554432"
    "memorysetup-temp-allocator-size-nav-mesh-worker=65536"
    "memorysetup-temp-allocator-size-audio-worker=65536"
    "memorysetup-temp-allocator-size-cloud-worker=32768"
    "memorysetup-temp-allocator-size-gi-baking-worker=262144"
    "memorysetup-temp-allocator-size-gfx=262144"
Refreshing native plugins compatible for Editor in 162.00 ms, found 3 plugins.
Preloading 0 native plugins for Editor in 0.00 ms.
Initialize engine version: 2021.3.5f1 (40eb3a945986)
[Subsystems] Discovering subsystems at path C:/Program Files/Unity/Hub/Editor/2021.3.5f1/Editor/Data/Resources/UnitySubsystems
[Subsystems] Discovering subsystems at path T:/projects/github/Skyerzen/catGame/Assets
GfxDevice: creating device client; threaded=0; jobified=0
Direct3D:
    Version:  Direct3D 11.0 [level 11.1]
    Renderer: NVIDIA GeForce RTX 2070 SUPER (ID=0x1e84)
    Vendor:   NVIDIA
    VRAM:     8012 MB
    Driver:   31.0.15.1694
Initialize mono
Mono path[0] = 'C:/Program Files/Unity/Hub/Editor/2021.3.5f1/Editor/Data/Managed'
Mono path[1] = 'C:/Program Files/Unity/Hub/Editor/2021.3.5f1/Editor/Data/MonoBleedingEdge/lib/mono/unityjit-win32'
Mono config path = 'C:/Program Files/Unity/Hub/Editor/2021.3.5f1/Editor/Data/MonoBleedingEdge/etc'
Using monoOptions --debugger-agent=transport=dt_socket,embedding=1,server=y,suspend=n,address=127.0.0.1:56640
Begin MonoManager ReloadAssembly
Registering precompiled unity dll's ...
Register platform support module: C:/Program Files/Unity/Hub/Editor/2021.3.5f1/Editor/Data/PlaybackEngines/AndroidPlayer/UnityEditor.Android.Extensions.dll
Register platform support module: C:/Program Files/Unity/Hub/Editor/2021.3.5f1/Editor/Data/PlaybackEngines/iOSSupport/UnityEditor.iOS.Extensions.dll
Register platform support module: C:/Program Files/Unity/Hub/Editor/2021.3.5f1/Editor/Data/PlaybackEngines/WindowsStandaloneSupport/UnityEditor.WindowsStandalone.Extensions.dll
Registered in 0.034925 seconds.
Native extension for WindowsStandalone target not found
[usbmuxd] Start listen thread
[usbmuxd] Listen thread started
Native extension for iOS target not found
Native extension for Android target not found
Refreshing native plugins compatible for Editor in 232.32 ms, found 3 plugins.
Preloading 0 native plugins for Editor in 0.00 ms.
Mono: successfully reloaded assembly
- Completed reload, in  2.045 seconds
Domain Reload Profiling:
	ReloadAssembly (2046ms)
		BeginReloadAssembly (192ms)
			ExecutionOrderSort (0ms)
			DisableScriptedObjects (0ms)
			BackupInstance (0ms)
			ReleaseScriptingObjects (0ms)
			CreateAndSetChildDomain (1ms)
		EndReloadAssembly (1537ms)
			LoadAssemblies (185ms)
			RebuildTransferFunctionScriptingTraits (0ms)
			SetupTypeCache (456ms)
			ReleaseScriptCaches (0ms)
			RebuildScriptCaches (78ms)
			SetupLoadedEditorAssemblies (829ms)
				LogAssemblyErrors (0ms)
				InitializePlatformSupportModulesInManaged (187ms)
				SetLoadedEditorAssemblies (1ms)
				RefreshPlugins (233ms)
				BeforeProcessingInitializeOnLoad (6ms)
				ProcessInitializeOnLoadAttributes (289ms)
				ProcessInitializeOnLoadMethodAttributes (113ms)
				AfterProcessingInitializeOnLoad (0ms)
				EditorAssembliesLoaded (0ms)
			ExecutionOrderSort2 (0ms)
			AwakeInstancesAfterBackupRestoration (0ms)
Platform modules already initialized, skipping
Registering precompiled user dll's ...
Registered in 0.011050 seconds.
Begin MonoManager ReloadAssembly
Symbol file LoadedFromMemory doesn't match image T:\projects\github\Skyerzen\catGame\Library\PackageCache\com.unity.visualscripting@1.7.8\Editor\VisualScripting.Core\Dependencies\YamlDotNet\Unity.VisualScripting.YamlDotNet.dll
Symbol file LoadedFromMemory doesn't match image T:\projects\github\Skyerzen\catGame\Library\PackageCache\com.unity.visualscripting@1.7.8\Editor\VisualScripting.Core\Dependencies\DotNetZip\Unity.VisualScripting.IonicZip.dll
Native extension for WindowsStandalone target not found
Native extension for iOS target not found
Native extension for Android target not found
Refreshing native plugins compatible for Editor in 1.12 ms, found 3 plugins.
Preloading 0 native plugins for Editor in 0.00 ms.
Mono: successfully reloaded assembly
- Completed reload, in  2.325 seconds
Domain Reload Profiling:
	ReloadAssembly (2327ms)
		BeginReloadAssembly (347ms)
			ExecutionOrderSort (0ms)
			DisableScriptedObjects (12ms)
			BackupInstance (0ms)
			ReleaseScriptingObjects (0ms)
			CreateAndSetChildDomain (149ms)
		EndReloadAssembly (1750ms)
			LoadAssemblies (186ms)
			RebuildTransferFunctionScriptingTraits (0ms)
			SetupTypeCache (522ms)
			ReleaseScriptCaches (1ms)
			RebuildScriptCaches (100ms)
			SetupLoadedEditorAssemblies (878ms)
				LogAssemblyErrors (0ms)
				InitializePlatformSupportModulesInManaged (70ms)
				SetLoadedEditorAssemblies (1ms)
				RefreshPlugins (1ms)
				BeforeProcessingInitializeOnLoad (200ms)
				ProcessInitializeOnLoadAttributes (533ms)
				ProcessInitializeOnLoadMethodAttributes (47ms)
				AfterProcessingInitializeOnLoad (26ms)
				EditorAssembliesLoaded (0ms)
			ExecutionOrderSort2 (0ms)
			AwakeInstancesAfterBackupRestoration (13ms)
Platform modules already initialized, skipping
========================================================================
Worker process is ready to serve import requests
Launched and connected shader compiler UnityShaderCompiler.exe after 0.08 seconds
Refreshing native plugins compatible for Editor in 1.60 ms, found 3 plugins.
Preloading 0 native plugins for Editor in 0.00 ms.
Unloading 3559 Unused Serialized files (Serialized files now loaded: 0)
Unloading 27 unused Assets / (111.0 KB). Loaded Objects now: 4021.
Memory consumption went from 135.3 MB to 135.1 MB.
Total: 9.270900 ms (FindLiveObjects: 1.041600 ms CreateObjectMapping: 0.698200 ms MarkObjects: 7.316000 ms  DeleteObjects: 0.213000 ms)

AssetImportParameters requested are different than current active one (requested -> active):
  custom:video-decoder-ogg-theora: a1e56fd34408186e4bbccfd4996cb3dc -> 
  custom:container-muxer-webm: aa71ff27fc2769a1b78a27578f13a17b -> 
  custom:container-demuxer-webm: 4f35f7cbe854078d1ac9338744f61a02 -> 
  custom:video-encoder-webm-vp8: eb34c28f22e8b96e1ab97ce403110664 -> 
  custom:video-codec-MediaFoundation-h265: 746d11721c4dcdbdad8f713fa42b33f4 -> 
  custom:audio-encoder-webm-vorbis: bf7c407c2cedff20999df2af8eb42d56 -> 
  custom:framework-win-MediaFoundation: 216162199b28c13a410421893ffa2e32 -> 
  custom:container-demuxer-ogg: 62fdf1f143b41e24485cea50d1cbac27 -> 
  custom:video-decoder-webm-vp8: 9c59270c3fd7afecdb556c50c9e8de78 -> 
  custom:audio-decoder-ogg-vorbis: bf7c407c2cedff20999df2af8eb42d56 -> 
========================================================================
Received Import Request.
  Time since last request: 11790.960563 seconds.
  path: Assets/Prefabs/env/obstacles/trashBags001.prefab
  artifactKey: Guid(24caf30b624e1d3488707a23f7d689ae) Importer(815301076,1909f56bfc062723c751e8b465ee728b)
Start importing Assets/Prefabs/env/obstacles/trashBags001.prefab using Guid(24caf30b624e1d3488707a23f7d689ae) Importer(815301076,1909f56bfc062723c751e8b465ee728b)  -> (artifact id: '436814bcbb86e8284664c4a5ec9f54a9') in 0.391174 seconds 
========================================================================
Received Import Request.
  Time since last request: 0.000079 seconds.
  path: Assets/Prefabs/env/obstacles/pallet001.prefab
  artifactKey: Guid(b2f45fe4c3e533a4cabbe005701485b6) Importer(815301076,1909f56bfc062723c751e8b465ee728b)
Start importing Assets/Prefabs/env/obstacles/pallet001.prefab using Guid(b2f45fe4c3e533a4cabbe005701485b6) Importer(815301076,1909f56bfc062723c751e8b465ee728b)  -> (artifact id: 'f1166b618e14a55a2f971bd43952260c') in 0.031203 seconds 
========================================================================
Received Import Request.
  Time since last request: 0.000051 seconds.
  path: Assets/Prefabs/env/obstacles/mailbox001.prefab
  artifactKey: Guid(ef8e8547f7eddf349835c05b403e960e) Importer(815301076,1909f56bfc062723c751e8b465ee728b)
Start importing Assets/Prefabs/env/obstacles/mailbox001.prefab using Guid(ef8e8547f7eddf349835c05b403e960e) Importer(815301076,1909f56bfc062723c751e8b465ee728b)  -> (artifact id: 'e29f18b6acb21de3b2286eddcf646494') in 0.028628 seconds 
========================================================================
Received Import Request.
  Time since last request: 0.000036 seconds.
  path: Assets/Prefabs/env/obstacles/pallet002.prefab
  artifactKey: Guid(3b9bce3cf822561449b4a9cfabf32cd8) Importer(815301076,1909f56bfc062723c751e8b465ee728b)
Start importing Assets/Prefabs/env/obstacles/pallet002.prefab using Guid(3b9bce3cf822561449b4a9cfabf32cd8) Importer(815301076,1909f56bfc062723c751e8b465ee728b)  -> (artifact id: '1e0b29fc394c93dcb13ea520977cf837') in 0.031662 seconds 
========================================================================
Received Import Request.
  Time since last request: 0.000036 seconds.
  path: Assets/Prefabs/env/obstacles/stopSign001.prefab
  artifactKey: Guid(3f3bf396fe63dc341b2afe499ef2504b) Importer(815301076,1909f56bfc062723c751e8b465ee728b)
Start importing Assets/Prefabs/env/obstacles/stopSign001.prefab using Guid(3f3bf396fe63dc341b2afe499ef2504b) Importer(815301076,1909f56bfc062723c751e8b465ee728b)  -> (artifact id: '4214c085d6e89052c0516b2e679b2c4c') in 0.026001 seconds 
========================================================================
Received Import Request.
  Time since last request: 0.000035 seconds.
  path: Assets/Prefabs/env/obstacles/palletStack001.prefab
  artifactKey: Guid(5b3199d4dadd501448509a08082d9ccf) Importer(815301076,1909f56bfc062723c751e8b465ee728b)
Start importing Assets/Prefabs/env/obstacles/palletStack001.prefab using Guid(5b3199d4dadd501448509a08082d9ccf) Importer(815301076,1909f56bfc062723c751e8b465ee728b)  -> (artifact id: 'ef97533ef0a24e1bc5f9f27cd1bc510d') in 0.020429 seconds 
========================================================================
Received Import Request.
  Time since last request: 0.000039 seconds.
  path: Assets/Prefabs/env/obstacles/palletStack005.prefab
  artifactKey: Guid(05dc92cba3551924cb1b3348244594d6) Importer(815301076,1909f56bfc062723c751e8b465ee728b)
Start importing Assets/Prefabs/env/obstacles/palletStack005.prefab using Guid(05dc92cba3551924cb1b3348244594d6) Importer(815301076,1909f56bfc062723c751e8b465ee728b)  -> (artifact id: 'e163faa6f8acfe30c32abda54df8a00b') in 0.023933 seconds 
========================================================================
Received Import Request.
  Time since last request: 0.000039 seconds.
  path: Assets/Prefabs/env/obstacles/trafficLight002.prefab
  artifactKey: Guid(772eaab4c6207c04da808f39d5c0e092) Importer(815301076,1909f56bfc062723c751e8b465ee728b)
Start importing Assets/Prefabs/env/obstacles/trafficLight002.prefab using Guid(772eaab4c6207c04da808f39d5c0e092) Importer(815301076,1909f56bfc062723c751e8b465ee728b)  -> (artifact id: '0e66db6731776414e016a58ef2b200d7') in 0.024250 seconds 
========================================================================
Received Import Request.
  Time since last request: 0.000039 seconds.
  path: Assets/Prefabs/env/obstacles
  artifactKey: Guid(ae8273744e59ef34191a40e6672ba728) Importer(815301076,1909f56bfc062723c751e8b465ee728b)
Start importing Assets/Prefabs/env/obstacles using Guid(ae8273744e59ef34191a40e6672ba728) Importer(815301076,1909f56bfc062723c751e8b465ee728b)  -> (artifact id: 'd7bc13549beb5b8c383de00f8ed86cbc') in 0.003158 seconds 
========================================================================
Received Import Request.
  Time since last request: 0.000069 seconds.
  path: Assets/Prefabs/env/obstacles/balcony001.prefab
  artifactKey: Guid(1c7a43f8bc493954eb28e0ef13437cce) Importer(815301076,1909f56bfc062723c751e8b465ee728b)
Start importing Assets/Prefabs/env/obstacles/balcony001.prefab using Guid(1c7a43f8bc493954eb28e0ef13437cce) Importer(815301076,1909f56bfc062723c751e8b465ee728b)  -> (artifact id: '9e6a151945d91b34fb605d7f73bb9909') in 0.418325 seconds 
========================================================================
Received Import Request.
  Time since last request: 0.000042 seconds.
  path: Assets/Prefabs/env/obstacles/Dumpster001.prefab
  artifactKey: Guid(572a1967d435c354a8d7e89b1baadbfc) Importer(815301076,1909f56bfc062723c751e8b465ee728b)
Start importing Assets/Prefabs/env/obstacles/Dumpster001.prefab using Guid(572a1967d435c354a8d7e89b1baadbfc) Importer(815301076,1909f56bfc062723c751e8b465ee728b)  -> (artifact id: '549181df621cfe12c0dc1d12bbf8650f') in 0.016786 seconds 
========================================================================
Received Import Request.
  Time since last request: 0.000049 seconds.
  path: Assets/Prefabs/env/obstacles/fence002.prefab
  artifactKey: Guid(25ac34b53ee07a0448b05a245cdfce9d) Importer(815301076,1909f56bfc062723c751e8b465ee728b)
Start importing Assets/Prefabs/env/obstacles/fence002.prefab using Guid(25ac34b53ee07a0448b05a245cdfce9d) Importer(815301076,1909f56bfc062723c751e8b465ee728b)  -> (artifact id: '9262040022c666affc54c4767cf4ab9e') in 0.029430 seconds 
========================================================================
Received Import Request.
  Time since last request: 0.000029 seconds.
  path: Assets/Prefabs/env/obstacles/steps001.prefab
  artifactKey: Guid(11cec6e5bec61964d95d21bb41501966) Importer(815301076,1909f56bfc062723c751e8b465ee728b)
Start importing Assets/Prefabs/env/obstacles/steps001.prefab using Guid(11cec6e5bec61964d95d21bb41501966) Importer(815301076,1909f56bfc062723c751e8b465ee728b)  -> (artifact id: 'f46d14739f294f52e8570907a309257b') in 0.018090 seconds 
========================================================================
Received Import Request.
  Time since last request: 0.000036 seconds.
  path: Assets/Prefabs/env/obstacles/ac001.prefab
  artifactKey: Guid(e680b2c62de971b4a8ff3bf8ad808d58) Importer(815301076,1909f56bfc062723c751e8b465ee728b)
Start importing Assets/Prefabs/env/obstacles/ac001.prefab using Guid(e680b2c62de971b4a8ff3bf8ad808d58) Importer(815301076,1909f56bfc062723c751e8b465ee728b)  -> (artifact id: '998a354b02d4593fd3b05a4b2b0fe265') in 0.019653 seconds 
========================================================================
Received Import Request.
  Time since last request: 0.000029 seconds.
  path: Assets/Prefabs/env/obstacles/trashbag001.prefab
  artifactKey: Guid(ac486232b49005642a844de3e01bf1e1) Importer(815301076,1909f56bfc062723c751e8b465ee728b)
Start importing Assets/Prefabs/env/obstacles/trashbag001.prefab using Guid(ac486232b49005642a844de3e01bf1e1) Importer(815301076,1909f56bfc062723c751e8b465ee728b)  -> (artifact id: '643068d3296121a9d45fc9950d47d0af') in 0.028068 seconds 
Editor requested this worker to shutdown with reason: Scaling down because of idle timeout
AssetImportWorker is now disconnected from the server
Process exiting
Exiting without the bug reporter. Application will terminate with return code 0